<?xml version="1.0" encoding="UTF-8"?>
<!-- Generated by org.testng.reporters.JUnitXMLReporter -->
<testsuite ignored="0" hostname="DESKTOP-UUPIJUK" failures="0" tests="101" name="Default test" time="412.927" errors="0" timestamp="2022-06-14T20:55:23 WIB">
  <testcase classname="com.nexsoft.submission.SubmissionTest" name="loginAndGoToCrud" time="2.731"/>
  <testcase classname="com.nexsoft.submission.SubmissionTest" name="inputData" time="4.22"/>
  <testcase classname="com.nexsoft.submission.SubmissionTest" name="inputData" time="4.248"/>
  <testcase classname="com.nexsoft.submission.SubmissionTest" name="inputData" time="4.765"/>
  <testcase classname="com.nexsoft.submission.SubmissionTest" name="inputData" time="4.433"/>
  <testcase classname="com.nexsoft.submission.SubmissionTest" name="inputData" time="4.205"/>
  <testcase classname="com.nexsoft.submission.SubmissionTest" name="inputData" time="4.18"/>
  <testcase classname="com.nexsoft.submission.SubmissionTest" name="inputData" time="4.45"/>
  <testcase classname="com.nexsoft.submission.SubmissionTest" name="inputData" time="4.022"/>
  <testcase classname="com.nexsoft.submission.SubmissionTest" name="inputData" time="4.06"/>
  <testcase classname="com.nexsoft.submission.SubmissionTest" name="inputData" time="4.002"/>
  <testcase classname="com.nexsoft.submission.SubmissionTest" name="inputData" time="4.003"/>
  <testcase classname="com.nexsoft.submission.SubmissionTest" name="inputData" time="4.105"/>
  <testcase classname="com.nexsoft.submission.SubmissionTest" name="inputData" time="4.059"/>
  <testcase classname="com.nexsoft.submission.SubmissionTest" name="inputData" time="4.009"/>
  <testcase classname="com.nexsoft.submission.SubmissionTest" name="inputData" time="4.078"/>
  <testcase classname="com.nexsoft.submission.SubmissionTest" name="inputData" time="4.029"/>
  <testcase classname="com.nexsoft.submission.SubmissionTest" name="inputData" time="4.073"/>
  <testcase classname="com.nexsoft.submission.SubmissionTest" name="inputData" time="4.051"/>
  <testcase classname="com.nexsoft.submission.SubmissionTest" name="inputData" time="4.068"/>
  <testcase classname="com.nexsoft.submission.SubmissionTest" name="inputData" time="4.011"/>
  <testcase classname="com.nexsoft.submission.SubmissionTest" name="inputData" time="4.018"/>
  <testcase classname="com.nexsoft.submission.SubmissionTest" name="inputData" time="4.085"/>
  <testcase classname="com.nexsoft.submission.SubmissionTest" name="inputData" time="4.033"/>
  <testcase classname="com.nexsoft.submission.SubmissionTest" name="inputData" time="4.017"/>
  <testcase classname="com.nexsoft.submission.SubmissionTest" name="inputData" time="4.099"/>
  <testcase classname="com.nexsoft.submission.SubmissionTest" name="inputData" time="3.998"/>
  <testcase classname="com.nexsoft.submission.SubmissionTest" name="inputData" time="4.035"/>
  <testcase classname="com.nexsoft.submission.SubmissionTest" name="inputData" time="4.029"/>
  <testcase classname="com.nexsoft.submission.SubmissionTest" name="inputData" time="4.089"/>
  <testcase classname="com.nexsoft.submission.SubmissionTest" name="inputData" time="4.194"/>
  <testcase classname="com.nexsoft.submission.SubmissionTest" name="inputData" time="4.144"/>
  <testcase classname="com.nexsoft.submission.SubmissionTest" name="inputData" time="4.097"/>
  <testcase classname="com.nexsoft.submission.SubmissionTest" name="inputData" time="4.035"/>
  <testcase classname="com.nexsoft.submission.SubmissionTest" name="inputData" time="4.033"/>
  <testcase classname="com.nexsoft.submission.SubmissionTest" name="inputData" time="4.059"/>
  <testcase classname="com.nexsoft.submission.SubmissionTest" name="inputData" time="4.003"/>
  <testcase classname="com.nexsoft.submission.SubmissionTest" name="inputData" time="4.099"/>
  <testcase classname="com.nexsoft.submission.SubmissionTest" name="inputData" time="4.051"/>
  <testcase classname="com.nexsoft.submission.SubmissionTest" name="inputData" time="4.003"/>
  <testcase classname="com.nexsoft.submission.SubmissionTest" name="inputData" time="4.023"/>
  <testcase classname="com.nexsoft.submission.SubmissionTest" name="inputData" time="4.033"/>
  <testcase classname="com.nexsoft.submission.SubmissionTest" name="inputData" time="4.087"/>
  <testcase classname="com.nexsoft.submission.SubmissionTest" name="inputData" time="4.014"/>
  <testcase classname="com.nexsoft.submission.SubmissionTest" name="inputData" time="4.067"/>
  <testcase classname="com.nexsoft.submission.SubmissionTest" name="inputData" time="4.071"/>
  <testcase classname="com.nexsoft.submission.SubmissionTest" name="inputData" time="4.03"/>
  <testcase classname="com.nexsoft.submission.SubmissionTest" name="inputData" time="4.092"/>
  <testcase classname="com.nexsoft.submission.SubmissionTest" name="inputData" time="4.041"/>
  <testcase classname="com.nexsoft.submission.SubmissionTest" name="inputData" time="4.043"/>
  <testcase classname="com.nexsoft.submission.SubmissionTest" name="inputData" time="4.195"/>
  <testcase classname="com.nexsoft.submission.SubmissionTest" name="inputData" time="4.028"/>
  <testcase classname="com.nexsoft.submission.SubmissionTest" name="inputData" time="4.072"/>
  <testcase classname="com.nexsoft.submission.SubmissionTest" name="inputData" time="4.049"/>
  <testcase classname="com.nexsoft.submission.SubmissionTest" name="inputData" time="4.032"/>
  <testcase classname="com.nexsoft.submission.SubmissionTest" name="inputData" time="4.08"/>
  <testcase classname="com.nexsoft.submission.SubmissionTest" name="inputData" time="4.05"/>
  <testcase classname="com.nexsoft.submission.SubmissionTest" name="inputData" time="4.054"/>
  <testcase classname="com.nexsoft.submission.SubmissionTest" name="inputData" time="4.045"/>
  <testcase classname="com.nexsoft.submission.SubmissionTest" name="inputData" time="4.038"/>
  <testcase classname="com.nexsoft.submission.SubmissionTest" name="inputData" time="4.031"/>
  <testcase classname="com.nexsoft.submission.SubmissionTest" name="inputData" time="4.062"/>
  <testcase classname="com.nexsoft.submission.SubmissionTest" name="inputData" time="4.071"/>
  <testcase classname="com.nexsoft.submission.SubmissionTest" name="inputData" time="4.099"/>
  <testcase classname="com.nexsoft.submission.SubmissionTest" name="inputData" time="4.068"/>
  <testcase classname="com.nexsoft.submission.SubmissionTest" name="inputData" time="4.064"/>
  <testcase classname="com.nexsoft.submission.SubmissionTest" name="inputData" time="4.031"/>
  <testcase classname="com.nexsoft.submission.SubmissionTest" name="inputData" time="4.017"/>
  <testcase classname="com.nexsoft.submission.SubmissionTest" name="inputData" time="4.001"/>
  <testcase classname="com.nexsoft.submission.SubmissionTest" name="inputData" time="4.037"/>
  <testcase classname="com.nexsoft.submission.SubmissionTest" name="inputData" time="4.081"/>
  <testcase classname="com.nexsoft.submission.SubmissionTest" name="inputData" time="4.041"/>
  <testcase classname="com.nexsoft.submission.SubmissionTest" name="inputData" time="4.08"/>
  <testcase classname="com.nexsoft.submission.SubmissionTest" name="inputData" time="4.058"/>
  <testcase classname="com.nexsoft.submission.SubmissionTest" name="inputData" time="4.108"/>
  <testcase classname="com.nexsoft.submission.SubmissionTest" name="inputData" time="4.032"/>
  <testcase classname="com.nexsoft.submission.SubmissionTest" name="inputData" time="4.045"/>
  <testcase classname="com.nexsoft.submission.SubmissionTest" name="inputData" time="4.054"/>
  <testcase classname="com.nexsoft.submission.SubmissionTest" name="inputData" time="3.996"/>
  <testcase classname="com.nexsoft.submission.SubmissionTest" name="inputData" time="4.032"/>
  <testcase classname="com.nexsoft.submission.SubmissionTest" name="inputData" time="4.001"/>
  <testcase classname="com.nexsoft.submission.SubmissionTest" name="inputData" time="4.029"/>
  <testcase classname="com.nexsoft.submission.SubmissionTest" name="inputData" time="4.122"/>
  <testcase classname="com.nexsoft.submission.SubmissionTest" name="inputData" time="4.045"/>
  <testcase classname="com.nexsoft.submission.SubmissionTest" name="inputData" time="4.056"/>
  <testcase classname="com.nexsoft.submission.SubmissionTest" name="inputData" time="4.059"/>
  <testcase classname="com.nexsoft.submission.SubmissionTest" name="inputData" time="4.006"/>
  <testcase classname="com.nexsoft.submission.SubmissionTest" name="inputData" time="4.149"/>
  <testcase classname="com.nexsoft.submission.SubmissionTest" name="inputData" time="4.013"/>
  <testcase classname="com.nexsoft.submission.SubmissionTest" name="inputData" time="4.02"/>
  <testcase classname="com.nexsoft.submission.SubmissionTest" name="inputData" time="4.029"/>
  <testcase classname="com.nexsoft.submission.SubmissionTest" name="inputData" time="4.018"/>
  <testcase classname="com.nexsoft.submission.SubmissionTest" name="inputData" time="4.067"/>
  <testcase classname="com.nexsoft.submission.SubmissionTest" name="inputData" time="4.035"/>
  <testcase classname="com.nexsoft.submission.SubmissionTest" name="inputData" time="4.016"/>
  <testcase classname="com.nexsoft.submission.SubmissionTest" name="inputData" time="4.049"/>
  <testcase classname="com.nexsoft.submission.SubmissionTest" name="inputData" time="4.016"/>
  <testcase classname="com.nexsoft.submission.SubmissionTest" name="inputData" time="4.066"/>
  <testcase classname="com.nexsoft.submission.SubmissionTest" name="inputData" time="4.032"/>
  <testcase classname="com.nexsoft.submission.SubmissionTest" name="inputData" time="4.022"/>
  <testcase classname="com.nexsoft.submission.SubmissionTest" name="inputData" time="4.079"/>
</testsuite> <!-- Default test -->
