<?xml version="1.0" encoding="UTF-8"?>
<testng-results ignored="0" total="101" passed="101" failed="0" skipped="0">
  <reporter-output>
  </reporter-output>
  <suite started-at="2022-06-14T20:48:30 WIB" name="Default suite" finished-at="2022-06-14T20:55:23 WIB" duration-ms="412927">
    <groups>
    </groups>
    <test started-at="2022-06-14T20:48:30 WIB" name="Default test" finished-at="2022-06-14T20:55:23 WIB" duration-ms="412927">
      <class name="com.nexsoft.submission.SubmissionTest">
        <test-method is-config="true" signature="init()[pri:0, instance:com.nexsoft.submission.SubmissionTest@6221a451]" started-at="2022-06-14T20:48:30 WIB" name="init" finished-at="2022-06-14T20:48:33 WIB" duration-ms="2839" status="PASS">
          <reporter-output>
          </reporter-output>
        </test-method> <!-- init -->
        <test-method signature="loginAndGoToCrud()[pri:0, instance:com.nexsoft.submission.SubmissionTest@6221a451]" started-at="2022-06-14T20:48:33 WIB" name="loginAndGoToCrud" finished-at="2022-06-14T20:48:36 WIB" duration-ms="2731" status="PASS">
          <reporter-output>
          </reporter-output>
        </test-method> <!-- loginAndGoToCrud -->
        <test-method signature="inputData(java.lang.String,java.lang.String,java.lang.String,java.lang.String)[pri:1, instance:com.nexsoft.submission.SubmissionTest@6221a451]" started-at="2022-06-14T20:48:36 WIB" name="inputData" data-provider="getMockData" finished-at="2022-06-14T20:48:40 WIB" duration-ms="4220" status="PASS">
          <params>
            <param index="0">
              <value>
                <![CDATA[Britni]]>
              </value>
            </param>
            <param index="1">
              <value>
                <![CDATA[Warland]]>
              </value>
            </param>
            <param index="2">
              <value>
                <![CDATA[bwarland0@over-blog.com]]>
              </value>
            </param>
            <param index="3">
              <value>
                <![CDATA[Female]]>
              </value>
            </param>
          </params>
          <reporter-output>
          </reporter-output>
        </test-method> <!-- inputData -->
        <test-method signature="inputData(java.lang.String,java.lang.String,java.lang.String,java.lang.String)[pri:1, instance:com.nexsoft.submission.SubmissionTest@6221a451]" started-at="2022-06-14T20:48:40 WIB" name="inputData" data-provider="getMockData" finished-at="2022-06-14T20:48:44 WIB" duration-ms="4248" status="PASS">
          <params>
            <param index="0">
              <value>
                <![CDATA[Ravid]]>
              </value>
            </param>
            <param index="1">
              <value>
                <![CDATA[Spinnace]]>
              </value>
            </param>
            <param index="2">
              <value>
                <![CDATA[rspinnace1@umich.edu]]>
              </value>
            </param>
            <param index="3">
              <value>
                <![CDATA[Male]]>
              </value>
            </param>
          </params>
          <reporter-output>
          </reporter-output>
        </test-method> <!-- inputData -->
        <test-method signature="inputData(java.lang.String,java.lang.String,java.lang.String,java.lang.String)[pri:1, instance:com.nexsoft.submission.SubmissionTest@6221a451]" started-at="2022-06-14T20:48:44 WIB" name="inputData" data-provider="getMockData" finished-at="2022-06-14T20:48:49 WIB" duration-ms="4765" status="PASS">
          <params>
            <param index="0">
              <value>
                <![CDATA[Hymie]]>
              </value>
            </param>
            <param index="1">
              <value>
                <![CDATA[Tetsall]]>
              </value>
            </param>
            <param index="2">
              <value>
                <![CDATA[htetsall2@hhs.gov]]>
              </value>
            </param>
            <param index="3">
              <value>
                <![CDATA[Male]]>
              </value>
            </param>
          </params>
          <reporter-output>
          </reporter-output>
        </test-method> <!-- inputData -->
        <test-method signature="inputData(java.lang.String,java.lang.String,java.lang.String,java.lang.String)[pri:1, instance:com.nexsoft.submission.SubmissionTest@6221a451]" started-at="2022-06-14T20:48:49 WIB" name="inputData" data-provider="getMockData" finished-at="2022-06-14T20:48:53 WIB" duration-ms="4433" status="PASS">
          <params>
            <param index="0">
              <value>
                <![CDATA[Ellsworth]]>
              </value>
            </param>
            <param index="1">
              <value>
                <![CDATA[O'Hickee]]>
              </value>
            </param>
            <param index="2">
              <value>
                <![CDATA[eohickee3@blogtalkradio.com]]>
              </value>
            </param>
            <param index="3">
              <value>
                <![CDATA[Male]]>
              </value>
            </param>
          </params>
          <reporter-output>
          </reporter-output>
        </test-method> <!-- inputData -->
        <test-method signature="inputData(java.lang.String,java.lang.String,java.lang.String,java.lang.String)[pri:1, instance:com.nexsoft.submission.SubmissionTest@6221a451]" started-at="2022-06-14T20:48:53 WIB" name="inputData" data-provider="getMockData" finished-at="2022-06-14T20:48:58 WIB" duration-ms="4205" status="PASS">
          <params>
            <param index="0">
              <value>
                <![CDATA[Godfry]]>
              </value>
            </param>
            <param index="1">
              <value>
                <![CDATA[Sasser]]>
              </value>
            </param>
            <param index="2">
              <value>
                <![CDATA[gsasser4@moonfruit.com]]>
              </value>
            </param>
            <param index="3">
              <value>
                <![CDATA[Male]]>
              </value>
            </param>
          </params>
          <reporter-output>
          </reporter-output>
        </test-method> <!-- inputData -->
        <test-method signature="inputData(java.lang.String,java.lang.String,java.lang.String,java.lang.String)[pri:1, instance:com.nexsoft.submission.SubmissionTest@6221a451]" started-at="2022-06-14T20:48:58 WIB" name="inputData" data-provider="getMockData" finished-at="2022-06-14T20:49:02 WIB" duration-ms="4180" status="PASS">
          <params>
            <param index="0">
              <value>
                <![CDATA[Lind]]>
              </value>
            </param>
            <param index="1">
              <value>
                <![CDATA[Tuff]]>
              </value>
            </param>
            <param index="2">
              <value>
                <![CDATA[ltuff5@cdc.gov]]>
              </value>
            </param>
            <param index="3">
              <value>
                <![CDATA[Female]]>
              </value>
            </param>
          </params>
          <reporter-output>
          </reporter-output>
        </test-method> <!-- inputData -->
        <test-method signature="inputData(java.lang.String,java.lang.String,java.lang.String,java.lang.String)[pri:1, instance:com.nexsoft.submission.SubmissionTest@6221a451]" started-at="2022-06-14T20:49:02 WIB" name="inputData" data-provider="getMockData" finished-at="2022-06-14T20:49:06 WIB" duration-ms="4450" status="PASS">
          <params>
            <param index="0">
              <value>
                <![CDATA[Agosto]]>
              </value>
            </param>
            <param index="1">
              <value>
                <![CDATA[Cooke]]>
              </value>
            </param>
            <param index="2">
              <value>
                <![CDATA[acooke6@weibo.com]]>
              </value>
            </param>
            <param index="3">
              <value>
                <![CDATA[Male]]>
              </value>
            </param>
          </params>
          <reporter-output>
          </reporter-output>
        </test-method> <!-- inputData -->
        <test-method signature="inputData(java.lang.String,java.lang.String,java.lang.String,java.lang.String)[pri:1, instance:com.nexsoft.submission.SubmissionTest@6221a451]" started-at="2022-06-14T20:49:06 WIB" name="inputData" data-provider="getMockData" finished-at="2022-06-14T20:49:10 WIB" duration-ms="4022" status="PASS">
          <params>
            <param index="0">
              <value>
                <![CDATA[Mose]]>
              </value>
            </param>
            <param index="1">
              <value>
                <![CDATA[Speere]]>
              </value>
            </param>
            <param index="2">
              <value>
                <![CDATA[mspeere7@mapquest.com]]>
              </value>
            </param>
            <param index="3">
              <value>
                <![CDATA[Male]]>
              </value>
            </param>
          </params>
          <reporter-output>
          </reporter-output>
        </test-method> <!-- inputData -->
        <test-method signature="inputData(java.lang.String,java.lang.String,java.lang.String,java.lang.String)[pri:1, instance:com.nexsoft.submission.SubmissionTest@6221a451]" started-at="2022-06-14T20:49:10 WIB" name="inputData" data-provider="getMockData" finished-at="2022-06-14T20:49:14 WIB" duration-ms="4060" status="PASS">
          <params>
            <param index="0">
              <value>
                <![CDATA[Cozmo]]>
              </value>
            </param>
            <param index="1">
              <value>
                <![CDATA[Brant]]>
              </value>
            </param>
            <param index="2">
              <value>
                <![CDATA[cbrant8@washingtonpost.com]]>
              </value>
            </param>
            <param index="3">
              <value>
                <![CDATA[Male]]>
              </value>
            </param>
          </params>
          <reporter-output>
          </reporter-output>
        </test-method> <!-- inputData -->
        <test-method signature="inputData(java.lang.String,java.lang.String,java.lang.String,java.lang.String)[pri:1, instance:com.nexsoft.submission.SubmissionTest@6221a451]" started-at="2022-06-14T20:49:14 WIB" name="inputData" data-provider="getMockData" finished-at="2022-06-14T20:49:18 WIB" duration-ms="4002" status="PASS">
          <params>
            <param index="0">
              <value>
                <![CDATA[Con]]>
              </value>
            </param>
            <param index="1">
              <value>
                <![CDATA[Hedgeley]]>
              </value>
            </param>
            <param index="2">
              <value>
                <![CDATA[chedgeley9@oracle.com]]>
              </value>
            </param>
            <param index="3">
              <value>
                <![CDATA[Female]]>
              </value>
            </param>
          </params>
          <reporter-output>
          </reporter-output>
        </test-method> <!-- inputData -->
        <test-method signature="inputData(java.lang.String,java.lang.String,java.lang.String,java.lang.String)[pri:1, instance:com.nexsoft.submission.SubmissionTest@6221a451]" started-at="2022-06-14T20:49:18 WIB" name="inputData" data-provider="getMockData" finished-at="2022-06-14T20:49:22 WIB" duration-ms="4003" status="PASS">
          <params>
            <param index="0">
              <value>
                <![CDATA[Hamnet]]>
              </value>
            </param>
            <param index="1">
              <value>
                <![CDATA[Kilkenny]]>
              </value>
            </param>
            <param index="2">
              <value>
                <![CDATA[hkilkennya@mozilla.org]]>
              </value>
            </param>
            <param index="3">
              <value>
                <![CDATA[Male]]>
              </value>
            </param>
          </params>
          <reporter-output>
          </reporter-output>
        </test-method> <!-- inputData -->
        <test-method signature="inputData(java.lang.String,java.lang.String,java.lang.String,java.lang.String)[pri:1, instance:com.nexsoft.submission.SubmissionTest@6221a451]" started-at="2022-06-14T20:49:22 WIB" name="inputData" data-provider="getMockData" finished-at="2022-06-14T20:49:26 WIB" duration-ms="4105" status="PASS">
          <params>
            <param index="0">
              <value>
                <![CDATA[Julina]]>
              </value>
            </param>
            <param index="1">
              <value>
                <![CDATA[Sammut]]>
              </value>
            </param>
            <param index="2">
              <value>
                <![CDATA[jsammutb@washington.edu]]>
              </value>
            </param>
            <param index="3">
              <value>
                <![CDATA[Female]]>
              </value>
            </param>
          </params>
          <reporter-output>
          </reporter-output>
        </test-method> <!-- inputData -->
        <test-method signature="inputData(java.lang.String,java.lang.String,java.lang.String,java.lang.String)[pri:1, instance:com.nexsoft.submission.SubmissionTest@6221a451]" started-at="2022-06-14T20:49:26 WIB" name="inputData" data-provider="getMockData" finished-at="2022-06-14T20:49:31 WIB" duration-ms="4059" status="PASS">
          <params>
            <param index="0">
              <value>
                <![CDATA[Meade]]>
              </value>
            </param>
            <param index="1">
              <value>
                <![CDATA[Kilbourne]]>
              </value>
            </param>
            <param index="2">
              <value>
                <![CDATA[mkilbournec@issuu.com]]>
              </value>
            </param>
            <param index="3">
              <value>
                <![CDATA[Female]]>
              </value>
            </param>
          </params>
          <reporter-output>
          </reporter-output>
        </test-method> <!-- inputData -->
        <test-method signature="inputData(java.lang.String,java.lang.String,java.lang.String,java.lang.String)[pri:1, instance:com.nexsoft.submission.SubmissionTest@6221a451]" started-at="2022-06-14T20:49:31 WIB" name="inputData" data-provider="getMockData" finished-at="2022-06-14T20:49:35 WIB" duration-ms="4009" status="PASS">
          <params>
            <param index="0">
              <value>
                <![CDATA[Alis]]>
              </value>
            </param>
            <param index="1">
              <value>
                <![CDATA[Meekins]]>
              </value>
            </param>
            <param index="2">
              <value>
                <![CDATA[ameekinsd@shareasale.com]]>
              </value>
            </param>
            <param index="3">
              <value>
                <![CDATA[Female]]>
              </value>
            </param>
          </params>
          <reporter-output>
          </reporter-output>
        </test-method> <!-- inputData -->
        <test-method signature="inputData(java.lang.String,java.lang.String,java.lang.String,java.lang.String)[pri:1, instance:com.nexsoft.submission.SubmissionTest@6221a451]" started-at="2022-06-14T20:49:35 WIB" name="inputData" data-provider="getMockData" finished-at="2022-06-14T20:49:39 WIB" duration-ms="4078" status="PASS">
          <params>
            <param index="0">
              <value>
                <![CDATA[Sheeree]]>
              </value>
            </param>
            <param index="1">
              <value>
                <![CDATA[Cawthry]]>
              </value>
            </param>
            <param index="2">
              <value>
                <![CDATA[scawthrye@qq.com]]>
              </value>
            </param>
            <param index="3">
              <value>
                <![CDATA[Female]]>
              </value>
            </param>
          </params>
          <reporter-output>
          </reporter-output>
        </test-method> <!-- inputData -->
        <test-method signature="inputData(java.lang.String,java.lang.String,java.lang.String,java.lang.String)[pri:1, instance:com.nexsoft.submission.SubmissionTest@6221a451]" started-at="2022-06-14T20:49:39 WIB" name="inputData" data-provider="getMockData" finished-at="2022-06-14T20:49:43 WIB" duration-ms="4029" status="PASS">
          <params>
            <param index="0">
              <value>
                <![CDATA[Dani]]>
              </value>
            </param>
            <param index="1">
              <value>
                <![CDATA[Burnside]]>
              </value>
            </param>
            <param index="2">
              <value>
                <![CDATA[dburnsidef@diigo.com]]>
              </value>
            </param>
            <param index="3">
              <value>
                <![CDATA[Male]]>
              </value>
            </param>
          </params>
          <reporter-output>
          </reporter-output>
        </test-method> <!-- inputData -->
        <test-method signature="inputData(java.lang.String,java.lang.String,java.lang.String,java.lang.String)[pri:1, instance:com.nexsoft.submission.SubmissionTest@6221a451]" started-at="2022-06-14T20:49:43 WIB" name="inputData" data-provider="getMockData" finished-at="2022-06-14T20:49:47 WIB" duration-ms="4073" status="PASS">
          <params>
            <param index="0">
              <value>
                <![CDATA[Corliss]]>
              </value>
            </param>
            <param index="1">
              <value>
                <![CDATA[Pawels]]>
              </value>
            </param>
            <param index="2">
              <value>
                <![CDATA[cpawelsg@icio.us]]>
              </value>
            </param>
            <param index="3">
              <value>
                <![CDATA[Female]]>
              </value>
            </param>
          </params>
          <reporter-output>
          </reporter-output>
        </test-method> <!-- inputData -->
        <test-method signature="inputData(java.lang.String,java.lang.String,java.lang.String,java.lang.String)[pri:1, instance:com.nexsoft.submission.SubmissionTest@6221a451]" started-at="2022-06-14T20:49:47 WIB" name="inputData" data-provider="getMockData" finished-at="2022-06-14T20:49:51 WIB" duration-ms="4051" status="PASS">
          <params>
            <param index="0">
              <value>
                <![CDATA[Francesco]]>
              </value>
            </param>
            <param index="1">
              <value>
                <![CDATA[Burness]]>
              </value>
            </param>
            <param index="2">
              <value>
                <![CDATA[fburnessh@360.cn]]>
              </value>
            </param>
            <param index="3">
              <value>
                <![CDATA[Male]]>
              </value>
            </param>
          </params>
          <reporter-output>
          </reporter-output>
        </test-method> <!-- inputData -->
        <test-method signature="inputData(java.lang.String,java.lang.String,java.lang.String,java.lang.String)[pri:1, instance:com.nexsoft.submission.SubmissionTest@6221a451]" started-at="2022-06-14T20:49:51 WIB" name="inputData" data-provider="getMockData" finished-at="2022-06-14T20:49:55 WIB" duration-ms="4068" status="PASS">
          <params>
            <param index="0">
              <value>
                <![CDATA[Micheline]]>
              </value>
            </param>
            <param index="1">
              <value>
                <![CDATA[Watchorn]]>
              </value>
            </param>
            <param index="2">
              <value>
                <![CDATA[mwatchorni@xing.com]]>
              </value>
            </param>
            <param index="3">
              <value>
                <![CDATA[Female]]>
              </value>
            </param>
          </params>
          <reporter-output>
          </reporter-output>
        </test-method> <!-- inputData -->
        <test-method signature="inputData(java.lang.String,java.lang.String,java.lang.String,java.lang.String)[pri:1, instance:com.nexsoft.submission.SubmissionTest@6221a451]" started-at="2022-06-14T20:49:55 WIB" name="inputData" data-provider="getMockData" finished-at="2022-06-14T20:49:59 WIB" duration-ms="4011" status="PASS">
          <params>
            <param index="0">
              <value>
                <![CDATA[Olvan]]>
              </value>
            </param>
            <param index="1">
              <value>
                <![CDATA[Furlonge]]>
              </value>
            </param>
            <param index="2">
              <value>
                <![CDATA[ofurlongej@wisc.edu]]>
              </value>
            </param>
            <param index="3">
              <value>
                <![CDATA[Male]]>
              </value>
            </param>
          </params>
          <reporter-output>
          </reporter-output>
        </test-method> <!-- inputData -->
        <test-method signature="inputData(java.lang.String,java.lang.String,java.lang.String,java.lang.String)[pri:1, instance:com.nexsoft.submission.SubmissionTest@6221a451]" started-at="2022-06-14T20:49:59 WIB" name="inputData" data-provider="getMockData" finished-at="2022-06-14T20:50:03 WIB" duration-ms="4018" status="PASS">
          <params>
            <param index="0">
              <value>
                <![CDATA[Brigit]]>
              </value>
            </param>
            <param index="1">
              <value>
                <![CDATA[Skeermor]]>
              </value>
            </param>
            <param index="2">
              <value>
                <![CDATA[bskeermork@tuttocitta.it]]>
              </value>
            </param>
            <param index="3">
              <value>
                <![CDATA[Non-binary]]>
              </value>
            </param>
          </params>
          <reporter-output>
          </reporter-output>
        </test-method> <!-- inputData -->
        <test-method signature="inputData(java.lang.String,java.lang.String,java.lang.String,java.lang.String)[pri:1, instance:com.nexsoft.submission.SubmissionTest@6221a451]" started-at="2022-06-14T20:50:03 WIB" name="inputData" data-provider="getMockData" finished-at="2022-06-14T20:50:07 WIB" duration-ms="4085" status="PASS">
          <params>
            <param index="0">
              <value>
                <![CDATA[Agna]]>
              </value>
            </param>
            <param index="1">
              <value>
                <![CDATA[Whistlecroft]]>
              </value>
            </param>
            <param index="2">
              <value>
                <![CDATA[awhistlecroftl@merriam-webster.com]]>
              </value>
            </param>
            <param index="3">
              <value>
                <![CDATA[Female]]>
              </value>
            </param>
          </params>
          <reporter-output>
          </reporter-output>
        </test-method> <!-- inputData -->
        <test-method signature="inputData(java.lang.String,java.lang.String,java.lang.String,java.lang.String)[pri:1, instance:com.nexsoft.submission.SubmissionTest@6221a451]" started-at="2022-06-14T20:50:07 WIB" name="inputData" data-provider="getMockData" finished-at="2022-06-14T20:50:11 WIB" duration-ms="4033" status="PASS">
          <params>
            <param index="0">
              <value>
                <![CDATA[Austin]]>
              </value>
            </param>
            <param index="1">
              <value>
                <![CDATA[Digweed]]>
              </value>
            </param>
            <param index="2">
              <value>
                <![CDATA[adigweedm@imdb.com]]>
              </value>
            </param>
            <param index="3">
              <value>
                <![CDATA[Female]]>
              </value>
            </param>
          </params>
          <reporter-output>
          </reporter-output>
        </test-method> <!-- inputData -->
        <test-method signature="inputData(java.lang.String,java.lang.String,java.lang.String,java.lang.String)[pri:1, instance:com.nexsoft.submission.SubmissionTest@6221a451]" started-at="2022-06-14T20:50:11 WIB" name="inputData" data-provider="getMockData" finished-at="2022-06-14T20:50:15 WIB" duration-ms="4017" status="PASS">
          <params>
            <param index="0">
              <value>
                <![CDATA[Celie]]>
              </value>
            </param>
            <param index="1">
              <value>
                <![CDATA[Brammall]]>
              </value>
            </param>
            <param index="2">
              <value>
                <![CDATA[cbrammalln@youtu.be]]>
              </value>
            </param>
            <param index="3">
              <value>
                <![CDATA[Female]]>
              </value>
            </param>
          </params>
          <reporter-output>
          </reporter-output>
        </test-method> <!-- inputData -->
        <test-method signature="inputData(java.lang.String,java.lang.String,java.lang.String,java.lang.String)[pri:1, instance:com.nexsoft.submission.SubmissionTest@6221a451]" started-at="2022-06-14T20:50:15 WIB" name="inputData" data-provider="getMockData" finished-at="2022-06-14T20:50:19 WIB" duration-ms="4099" status="PASS">
          <params>
            <param index="0">
              <value>
                <![CDATA[Harriett]]>
              </value>
            </param>
            <param index="1">
              <value>
                <![CDATA[Wolfenden]]>
              </value>
            </param>
            <param index="2">
              <value>
                <![CDATA[hwolfendeno@comsenz.com]]>
              </value>
            </param>
            <param index="3">
              <value>
                <![CDATA[Female]]>
              </value>
            </param>
          </params>
          <reporter-output>
          </reporter-output>
        </test-method> <!-- inputData -->
        <test-method signature="inputData(java.lang.String,java.lang.String,java.lang.String,java.lang.String)[pri:1, instance:com.nexsoft.submission.SubmissionTest@6221a451]" started-at="2022-06-14T20:50:19 WIB" name="inputData" data-provider="getMockData" finished-at="2022-06-14T20:50:23 WIB" duration-ms="3998" status="PASS">
          <params>
            <param index="0">
              <value>
                <![CDATA[Hilton]]>
              </value>
            </param>
            <param index="1">
              <value>
                <![CDATA[Amott]]>
              </value>
            </param>
            <param index="2">
              <value>
                <![CDATA[hamottp@oakley.com]]>
              </value>
            </param>
            <param index="3">
              <value>
                <![CDATA[Male]]>
              </value>
            </param>
          </params>
          <reporter-output>
          </reporter-output>
        </test-method> <!-- inputData -->
        <test-method signature="inputData(java.lang.String,java.lang.String,java.lang.String,java.lang.String)[pri:1, instance:com.nexsoft.submission.SubmissionTest@6221a451]" started-at="2022-06-14T20:50:23 WIB" name="inputData" data-provider="getMockData" finished-at="2022-06-14T20:50:27 WIB" duration-ms="4035" status="PASS">
          <params>
            <param index="0">
              <value>
                <![CDATA[Etti]]>
              </value>
            </param>
            <param index="1">
              <value>
                <![CDATA[Blogg]]>
              </value>
            </param>
            <param index="2">
              <value>
                <![CDATA[ebloggq@google.co.jp]]>
              </value>
            </param>
            <param index="3">
              <value>
                <![CDATA[Female]]>
              </value>
            </param>
          </params>
          <reporter-output>
          </reporter-output>
        </test-method> <!-- inputData -->
        <test-method signature="inputData(java.lang.String,java.lang.String,java.lang.String,java.lang.String)[pri:1, instance:com.nexsoft.submission.SubmissionTest@6221a451]" started-at="2022-06-14T20:50:27 WIB" name="inputData" data-provider="getMockData" finished-at="2022-06-14T20:50:31 WIB" duration-ms="4029" status="PASS">
          <params>
            <param index="0">
              <value>
                <![CDATA[Birdie]]>
              </value>
            </param>
            <param index="1">
              <value>
                <![CDATA[D'Avaux]]>
              </value>
            </param>
            <param index="2">
              <value>
                <![CDATA[bdavauxr@godaddy.com]]>
              </value>
            </param>
            <param index="3">
              <value>
                <![CDATA[Female]]>
              </value>
            </param>
          </params>
          <reporter-output>
          </reporter-output>
        </test-method> <!-- inputData -->
        <test-method signature="inputData(java.lang.String,java.lang.String,java.lang.String,java.lang.String)[pri:1, instance:com.nexsoft.submission.SubmissionTest@6221a451]" started-at="2022-06-14T20:50:31 WIB" name="inputData" data-provider="getMockData" finished-at="2022-06-14T20:50:35 WIB" duration-ms="4089" status="PASS">
          <params>
            <param index="0">
              <value>
                <![CDATA[Onfroi]]>
              </value>
            </param>
            <param index="1">
              <value>
                <![CDATA[Million]]>
              </value>
            </param>
            <param index="2">
              <value>
                <![CDATA[omillions@cnn.com]]>
              </value>
            </param>
            <param index="3">
              <value>
                <![CDATA[Male]]>
              </value>
            </param>
          </params>
          <reporter-output>
          </reporter-output>
        </test-method> <!-- inputData -->
        <test-method signature="inputData(java.lang.String,java.lang.String,java.lang.String,java.lang.String)[pri:1, instance:com.nexsoft.submission.SubmissionTest@6221a451]" started-at="2022-06-14T20:50:35 WIB" name="inputData" data-provider="getMockData" finished-at="2022-06-14T20:50:39 WIB" duration-ms="4194" status="PASS">
          <params>
            <param index="0">
              <value>
                <![CDATA[Arvie]]>
              </value>
            </param>
            <param index="1">
              <value>
                <![CDATA[Ricciardo]]>
              </value>
            </param>
            <param index="2">
              <value>
                <![CDATA[aricciardot@craigslist.org]]>
              </value>
            </param>
            <param index="3">
              <value>
                <![CDATA[Genderfluid]]>
              </value>
            </param>
          </params>
          <reporter-output>
          </reporter-output>
        </test-method> <!-- inputData -->
        <test-method signature="inputData(java.lang.String,java.lang.String,java.lang.String,java.lang.String)[pri:1, instance:com.nexsoft.submission.SubmissionTest@6221a451]" started-at="2022-06-14T20:50:39 WIB" name="inputData" data-provider="getMockData" finished-at="2022-06-14T20:50:44 WIB" duration-ms="4144" status="PASS">
          <params>
            <param index="0">
              <value>
                <![CDATA[Angelia]]>
              </value>
            </param>
            <param index="1">
              <value>
                <![CDATA[Whitland]]>
              </value>
            </param>
            <param index="2">
              <value>
                <![CDATA[awhitlandu@wiley.com]]>
              </value>
            </param>
            <param index="3">
              <value>
                <![CDATA[Female]]>
              </value>
            </param>
          </params>
          <reporter-output>
          </reporter-output>
        </test-method> <!-- inputData -->
        <test-method signature="inputData(java.lang.String,java.lang.String,java.lang.String,java.lang.String)[pri:1, instance:com.nexsoft.submission.SubmissionTest@6221a451]" started-at="2022-06-14T20:50:44 WIB" name="inputData" data-provider="getMockData" finished-at="2022-06-14T20:50:48 WIB" duration-ms="4097" status="PASS">
          <params>
            <param index="0">
              <value>
                <![CDATA[Tomas]]>
              </value>
            </param>
            <param index="1">
              <value>
                <![CDATA[Dalling]]>
              </value>
            </param>
            <param index="2">
              <value>
                <![CDATA[tdallingv@earthlink.net]]>
              </value>
            </param>
            <param index="3">
              <value>
                <![CDATA[Male]]>
              </value>
            </param>
          </params>
          <reporter-output>
          </reporter-output>
        </test-method> <!-- inputData -->
        <test-method signature="inputData(java.lang.String,java.lang.String,java.lang.String,java.lang.String)[pri:1, instance:com.nexsoft.submission.SubmissionTest@6221a451]" started-at="2022-06-14T20:50:48 WIB" name="inputData" data-provider="getMockData" finished-at="2022-06-14T20:50:52 WIB" duration-ms="4035" status="PASS">
          <params>
            <param index="0">
              <value>
                <![CDATA[Rita]]>
              </value>
            </param>
            <param index="1">
              <value>
                <![CDATA[Wisby]]>
              </value>
            </param>
            <param index="2">
              <value>
                <![CDATA[rwisbyw@simplemachines.org]]>
              </value>
            </param>
            <param index="3">
              <value>
                <![CDATA[Female]]>
              </value>
            </param>
          </params>
          <reporter-output>
          </reporter-output>
        </test-method> <!-- inputData -->
        <test-method signature="inputData(java.lang.String,java.lang.String,java.lang.String,java.lang.String)[pri:1, instance:com.nexsoft.submission.SubmissionTest@6221a451]" started-at="2022-06-14T20:50:52 WIB" name="inputData" data-provider="getMockData" finished-at="2022-06-14T20:50:56 WIB" duration-ms="4033" status="PASS">
          <params>
            <param index="0">
              <value>
                <![CDATA[Shannan]]>
              </value>
            </param>
            <param index="1">
              <value>
                <![CDATA[Becraft]]>
              </value>
            </param>
            <param index="2">
              <value>
                <![CDATA[sbecraftx@facebook.com]]>
              </value>
            </param>
            <param index="3">
              <value>
                <![CDATA[Male]]>
              </value>
            </param>
          </params>
          <reporter-output>
          </reporter-output>
        </test-method> <!-- inputData -->
        <test-method signature="inputData(java.lang.String,java.lang.String,java.lang.String,java.lang.String)[pri:1, instance:com.nexsoft.submission.SubmissionTest@6221a451]" started-at="2022-06-14T20:50:56 WIB" name="inputData" data-provider="getMockData" finished-at="2022-06-14T20:51:00 WIB" duration-ms="4059" status="PASS">
          <params>
            <param index="0">
              <value>
                <![CDATA[Judi]]>
              </value>
            </param>
            <param index="1">
              <value>
                <![CDATA[Ainsworth]]>
              </value>
            </param>
            <param index="2">
              <value>
                <![CDATA[jainsworthy@ca.gov]]>
              </value>
            </param>
            <param index="3">
              <value>
                <![CDATA[Female]]>
              </value>
            </param>
          </params>
          <reporter-output>
          </reporter-output>
        </test-method> <!-- inputData -->
        <test-method signature="inputData(java.lang.String,java.lang.String,java.lang.String,java.lang.String)[pri:1, instance:com.nexsoft.submission.SubmissionTest@6221a451]" started-at="2022-06-14T20:51:00 WIB" name="inputData" data-provider="getMockData" finished-at="2022-06-14T20:51:04 WIB" duration-ms="4003" status="PASS">
          <params>
            <param index="0">
              <value>
                <![CDATA[Noreen]]>
              </value>
            </param>
            <param index="1">
              <value>
                <![CDATA[Keyho]]>
              </value>
            </param>
            <param index="2">
              <value>
                <![CDATA[nkeyhoz@is.gd]]>
              </value>
            </param>
            <param index="3">
              <value>
                <![CDATA[Female]]>
              </value>
            </param>
          </params>
          <reporter-output>
          </reporter-output>
        </test-method> <!-- inputData -->
        <test-method signature="inputData(java.lang.String,java.lang.String,java.lang.String,java.lang.String)[pri:1, instance:com.nexsoft.submission.SubmissionTest@6221a451]" started-at="2022-06-14T20:51:04 WIB" name="inputData" data-provider="getMockData" finished-at="2022-06-14T20:51:08 WIB" duration-ms="4099" status="PASS">
          <params>
            <param index="0">
              <value>
                <![CDATA[Rene]]>
              </value>
            </param>
            <param index="1">
              <value>
                <![CDATA[de Clercq]]>
              </value>
            </param>
            <param index="2">
              <value>
                <![CDATA[rdeclercq10@icq.com]]>
              </value>
            </param>
            <param index="3">
              <value>
                <![CDATA[Female]]>
              </value>
            </param>
          </params>
          <reporter-output>
          </reporter-output>
        </test-method> <!-- inputData -->
        <test-method signature="inputData(java.lang.String,java.lang.String,java.lang.String,java.lang.String)[pri:1, instance:com.nexsoft.submission.SubmissionTest@6221a451]" started-at="2022-06-14T20:51:08 WIB" name="inputData" data-provider="getMockData" finished-at="2022-06-14T20:51:12 WIB" duration-ms="4051" status="PASS">
          <params>
            <param index="0">
              <value>
                <![CDATA[Dewey]]>
              </value>
            </param>
            <param index="1">
              <value>
                <![CDATA[Jinkinson]]>
              </value>
            </param>
            <param index="2">
              <value>
                <![CDATA[djinkinson11@imgur.com]]>
              </value>
            </param>
            <param index="3">
              <value>
                <![CDATA[Male]]>
              </value>
            </param>
          </params>
          <reporter-output>
          </reporter-output>
        </test-method> <!-- inputData -->
        <test-method signature="inputData(java.lang.String,java.lang.String,java.lang.String,java.lang.String)[pri:1, instance:com.nexsoft.submission.SubmissionTest@6221a451]" started-at="2022-06-14T20:51:12 WIB" name="inputData" data-provider="getMockData" finished-at="2022-06-14T20:51:16 WIB" duration-ms="4003" status="PASS">
          <params>
            <param index="0">
              <value>
                <![CDATA[Kale]]>
              </value>
            </param>
            <param index="1">
              <value>
                <![CDATA[Verrell]]>
              </value>
            </param>
            <param index="2">
              <value>
                <![CDATA[kverrell12@163.com]]>
              </value>
            </param>
            <param index="3">
              <value>
                <![CDATA[Male]]>
              </value>
            </param>
          </params>
          <reporter-output>
          </reporter-output>
        </test-method> <!-- inputData -->
        <test-method signature="inputData(java.lang.String,java.lang.String,java.lang.String,java.lang.String)[pri:1, instance:com.nexsoft.submission.SubmissionTest@6221a451]" started-at="2022-06-14T20:51:16 WIB" name="inputData" data-provider="getMockData" finished-at="2022-06-14T20:51:20 WIB" duration-ms="4023" status="PASS">
          <params>
            <param index="0">
              <value>
                <![CDATA[Valeria]]>
              </value>
            </param>
            <param index="1">
              <value>
                <![CDATA[Levay]]>
              </value>
            </param>
            <param index="2">
              <value>
                <![CDATA[vlevay13@cmu.edu]]>
              </value>
            </param>
            <param index="3">
              <value>
                <![CDATA[Female]]>
              </value>
            </param>
          </params>
          <reporter-output>
          </reporter-output>
        </test-method> <!-- inputData -->
        <test-method signature="inputData(java.lang.String,java.lang.String,java.lang.String,java.lang.String)[pri:1, instance:com.nexsoft.submission.SubmissionTest@6221a451]" started-at="2022-06-14T20:51:20 WIB" name="inputData" data-provider="getMockData" finished-at="2022-06-14T20:51:24 WIB" duration-ms="4033" status="PASS">
          <params>
            <param index="0">
              <value>
                <![CDATA[Mariana]]>
              </value>
            </param>
            <param index="1">
              <value>
                <![CDATA[Rennels]]>
              </value>
            </param>
            <param index="2">
              <value>
                <![CDATA[mrennels14@blogspot.com]]>
              </value>
            </param>
            <param index="3">
              <value>
                <![CDATA[Female]]>
              </value>
            </param>
          </params>
          <reporter-output>
          </reporter-output>
        </test-method> <!-- inputData -->
        <test-method signature="inputData(java.lang.String,java.lang.String,java.lang.String,java.lang.String)[pri:1, instance:com.nexsoft.submission.SubmissionTest@6221a451]" started-at="2022-06-14T20:51:24 WIB" name="inputData" data-provider="getMockData" finished-at="2022-06-14T20:51:28 WIB" duration-ms="4087" status="PASS">
          <params>
            <param index="0">
              <value>
                <![CDATA[Rochette]]>
              </value>
            </param>
            <param index="1">
              <value>
                <![CDATA[Luthwood]]>
              </value>
            </param>
            <param index="2">
              <value>
                <![CDATA[rluthwood15@independent.co.uk]]>
              </value>
            </param>
            <param index="3">
              <value>
                <![CDATA[Female]]>
              </value>
            </param>
          </params>
          <reporter-output>
          </reporter-output>
        </test-method> <!-- inputData -->
        <test-method signature="inputData(java.lang.String,java.lang.String,java.lang.String,java.lang.String)[pri:1, instance:com.nexsoft.submission.SubmissionTest@6221a451]" started-at="2022-06-14T20:51:28 WIB" name="inputData" data-provider="getMockData" finished-at="2022-06-14T20:51:32 WIB" duration-ms="4014" status="PASS">
          <params>
            <param index="0">
              <value>
                <![CDATA[Giffie]]>
              </value>
            </param>
            <param index="1">
              <value>
                <![CDATA[Harwick]]>
              </value>
            </param>
            <param index="2">
              <value>
                <![CDATA[gharwick16@google.ca]]>
              </value>
            </param>
            <param index="3">
              <value>
                <![CDATA[Male]]>
              </value>
            </param>
          </params>
          <reporter-output>
          </reporter-output>
        </test-method> <!-- inputData -->
        <test-method signature="inputData(java.lang.String,java.lang.String,java.lang.String,java.lang.String)[pri:1, instance:com.nexsoft.submission.SubmissionTest@6221a451]" started-at="2022-06-14T20:51:32 WIB" name="inputData" data-provider="getMockData" finished-at="2022-06-14T20:51:36 WIB" duration-ms="4067" status="PASS">
          <params>
            <param index="0">
              <value>
                <![CDATA[Archibold]]>
              </value>
            </param>
            <param index="1">
              <value>
                <![CDATA[Roycroft]]>
              </value>
            </param>
            <param index="2">
              <value>
                <![CDATA[aroycroft17@ning.com]]>
              </value>
            </param>
            <param index="3">
              <value>
                <![CDATA[Male]]>
              </value>
            </param>
          </params>
          <reporter-output>
          </reporter-output>
        </test-method> <!-- inputData -->
        <test-method signature="inputData(java.lang.String,java.lang.String,java.lang.String,java.lang.String)[pri:1, instance:com.nexsoft.submission.SubmissionTest@6221a451]" started-at="2022-06-14T20:51:36 WIB" name="inputData" data-provider="getMockData" finished-at="2022-06-14T20:51:40 WIB" duration-ms="4071" status="PASS">
          <params>
            <param index="0">
              <value>
                <![CDATA[Doralin]]>
              </value>
            </param>
            <param index="1">
              <value>
                <![CDATA[McAnellye]]>
              </value>
            </param>
            <param index="2">
              <value>
                <![CDATA[dmcanellye18@surveymonkey.com]]>
              </value>
            </param>
            <param index="3">
              <value>
                <![CDATA[Female]]>
              </value>
            </param>
          </params>
          <reporter-output>
          </reporter-output>
        </test-method> <!-- inputData -->
        <test-method signature="inputData(java.lang.String,java.lang.String,java.lang.String,java.lang.String)[pri:1, instance:com.nexsoft.submission.SubmissionTest@6221a451]" started-at="2022-06-14T20:51:40 WIB" name="inputData" data-provider="getMockData" finished-at="2022-06-14T20:51:44 WIB" duration-ms="4030" status="PASS">
          <params>
            <param index="0">
              <value>
                <![CDATA[Donnie]]>
              </value>
            </param>
            <param index="1">
              <value>
                <![CDATA[Pelham]]>
              </value>
            </param>
            <param index="2">
              <value>
                <![CDATA[dpelham19@loc.gov]]>
              </value>
            </param>
            <param index="3">
              <value>
                <![CDATA[Agender]]>
              </value>
            </param>
          </params>
          <reporter-output>
          </reporter-output>
        </test-method> <!-- inputData -->
        <test-method signature="inputData(java.lang.String,java.lang.String,java.lang.String,java.lang.String)[pri:1, instance:com.nexsoft.submission.SubmissionTest@6221a451]" started-at="2022-06-14T20:51:44 WIB" name="inputData" data-provider="getMockData" finished-at="2022-06-14T20:51:48 WIB" duration-ms="4092" status="PASS">
          <params>
            <param index="0">
              <value>
                <![CDATA[Wolfgang]]>
              </value>
            </param>
            <param index="1">
              <value>
                <![CDATA[Pratt]]>
              </value>
            </param>
            <param index="2">
              <value>
                <![CDATA[wpratt1a@virginia.edu]]>
              </value>
            </param>
            <param index="3">
              <value>
                <![CDATA[Male]]>
              </value>
            </param>
          </params>
          <reporter-output>
          </reporter-output>
        </test-method> <!-- inputData -->
        <test-method signature="inputData(java.lang.String,java.lang.String,java.lang.String,java.lang.String)[pri:1, instance:com.nexsoft.submission.SubmissionTest@6221a451]" started-at="2022-06-14T20:51:48 WIB" name="inputData" data-provider="getMockData" finished-at="2022-06-14T20:51:52 WIB" duration-ms="4041" status="PASS">
          <params>
            <param index="0">
              <value>
                <![CDATA[Norman]]>
              </value>
            </param>
            <param index="1">
              <value>
                <![CDATA[Mannagh]]>
              </value>
            </param>
            <param index="2">
              <value>
                <![CDATA[nmannagh1b@woothemes.com]]>
              </value>
            </param>
            <param index="3">
              <value>
                <![CDATA[Male]]>
              </value>
            </param>
          </params>
          <reporter-output>
          </reporter-output>
        </test-method> <!-- inputData -->
        <test-method signature="inputData(java.lang.String,java.lang.String,java.lang.String,java.lang.String)[pri:1, instance:com.nexsoft.submission.SubmissionTest@6221a451]" started-at="2022-06-14T20:51:52 WIB" name="inputData" data-provider="getMockData" finished-at="2022-06-14T20:51:56 WIB" duration-ms="4043" status="PASS">
          <params>
            <param index="0">
              <value>
                <![CDATA[Gerhardine]]>
              </value>
            </param>
            <param index="1">
              <value>
                <![CDATA[Wadworth]]>
              </value>
            </param>
            <param index="2">
              <value>
                <![CDATA[gwadworth1c@yellowpages.com]]>
              </value>
            </param>
            <param index="3">
              <value>
                <![CDATA[Female]]>
              </value>
            </param>
          </params>
          <reporter-output>
          </reporter-output>
        </test-method> <!-- inputData -->
        <test-method signature="inputData(java.lang.String,java.lang.String,java.lang.String,java.lang.String)[pri:1, instance:com.nexsoft.submission.SubmissionTest@6221a451]" started-at="2022-06-14T20:51:56 WIB" name="inputData" data-provider="getMockData" finished-at="2022-06-14T20:52:01 WIB" duration-ms="4195" status="PASS">
          <params>
            <param index="0">
              <value>
                <![CDATA[Martie]]>
              </value>
            </param>
            <param index="1">
              <value>
                <![CDATA[O'Lagene]]>
              </value>
            </param>
            <param index="2">
              <value>
                <![CDATA[molagene1d@sitemeter.com]]>
              </value>
            </param>
            <param index="3">
              <value>
                <![CDATA[Male]]>
              </value>
            </param>
          </params>
          <reporter-output>
          </reporter-output>
        </test-method> <!-- inputData -->
        <test-method signature="inputData(java.lang.String,java.lang.String,java.lang.String,java.lang.String)[pri:1, instance:com.nexsoft.submission.SubmissionTest@6221a451]" started-at="2022-06-14T20:52:01 WIB" name="inputData" data-provider="getMockData" finished-at="2022-06-14T20:52:05 WIB" duration-ms="4028" status="PASS">
          <params>
            <param index="0">
              <value>
                <![CDATA[Agnese]]>
              </value>
            </param>
            <param index="1">
              <value>
                <![CDATA[Danilenko]]>
              </value>
            </param>
            <param index="2">
              <value>
                <![CDATA[adanilenko1e@mozilla.com]]>
              </value>
            </param>
            <param index="3">
              <value>
                <![CDATA[Female]]>
              </value>
            </param>
          </params>
          <reporter-output>
          </reporter-output>
        </test-method> <!-- inputData -->
        <test-method signature="inputData(java.lang.String,java.lang.String,java.lang.String,java.lang.String)[pri:1, instance:com.nexsoft.submission.SubmissionTest@6221a451]" started-at="2022-06-14T20:52:05 WIB" name="inputData" data-provider="getMockData" finished-at="2022-06-14T20:52:09 WIB" duration-ms="4072" status="PASS">
          <params>
            <param index="0">
              <value>
                <![CDATA[Auria]]>
              </value>
            </param>
            <param index="1">
              <value>
                <![CDATA[Zamora]]>
              </value>
            </param>
            <param index="2">
              <value>
                <![CDATA[azamora1f@list-manage.com]]>
              </value>
            </param>
            <param index="3">
              <value>
                <![CDATA[Genderqueer]]>
              </value>
            </param>
          </params>
          <reporter-output>
          </reporter-output>
        </test-method> <!-- inputData -->
        <test-method signature="inputData(java.lang.String,java.lang.String,java.lang.String,java.lang.String)[pri:1, instance:com.nexsoft.submission.SubmissionTest@6221a451]" started-at="2022-06-14T20:52:09 WIB" name="inputData" data-provider="getMockData" finished-at="2022-06-14T20:52:13 WIB" duration-ms="4049" status="PASS">
          <params>
            <param index="0">
              <value>
                <![CDATA[Laurette]]>
              </value>
            </param>
            <param index="1">
              <value>
                <![CDATA[Nekrews]]>
              </value>
            </param>
            <param index="2">
              <value>
                <![CDATA[lnekrews1g@nyu.edu]]>
              </value>
            </param>
            <param index="3">
              <value>
                <![CDATA[Female]]>
              </value>
            </param>
          </params>
          <reporter-output>
          </reporter-output>
        </test-method> <!-- inputData -->
        <test-method signature="inputData(java.lang.String,java.lang.String,java.lang.String,java.lang.String)[pri:1, instance:com.nexsoft.submission.SubmissionTest@6221a451]" started-at="2022-06-14T20:52:13 WIB" name="inputData" data-provider="getMockData" finished-at="2022-06-14T20:52:17 WIB" duration-ms="4032" status="PASS">
          <params>
            <param index="0">
              <value>
                <![CDATA[Dorella]]>
              </value>
            </param>
            <param index="1">
              <value>
                <![CDATA[Lownes]]>
              </value>
            </param>
            <param index="2">
              <value>
                <![CDATA[dlownes1h@nba.com]]>
              </value>
            </param>
            <param index="3">
              <value>
                <![CDATA[Female]]>
              </value>
            </param>
          </params>
          <reporter-output>
          </reporter-output>
        </test-method> <!-- inputData -->
        <test-method signature="inputData(java.lang.String,java.lang.String,java.lang.String,java.lang.String)[pri:1, instance:com.nexsoft.submission.SubmissionTest@6221a451]" started-at="2022-06-14T20:52:17 WIB" name="inputData" data-provider="getMockData" finished-at="2022-06-14T20:52:21 WIB" duration-ms="4080" status="PASS">
          <params>
            <param index="0">
              <value>
                <![CDATA[Elfie]]>
              </value>
            </param>
            <param index="1">
              <value>
                <![CDATA[Vogel]]>
              </value>
            </param>
            <param index="2">
              <value>
                <![CDATA[evogel1i@amazon.de]]>
              </value>
            </param>
            <param index="3">
              <value>
                <![CDATA[Female]]>
              </value>
            </param>
          </params>
          <reporter-output>
          </reporter-output>
        </test-method> <!-- inputData -->
        <test-method signature="inputData(java.lang.String,java.lang.String,java.lang.String,java.lang.String)[pri:1, instance:com.nexsoft.submission.SubmissionTest@6221a451]" started-at="2022-06-14T20:52:21 WIB" name="inputData" data-provider="getMockData" finished-at="2022-06-14T20:52:25 WIB" duration-ms="4050" status="PASS">
          <params>
            <param index="0">
              <value>
                <![CDATA[Randy]]>
              </value>
            </param>
            <param index="1">
              <value>
                <![CDATA[Speak]]>
              </value>
            </param>
            <param index="2">
              <value>
                <![CDATA[rspeak1j@microsoft.com]]>
              </value>
            </param>
            <param index="3">
              <value>
                <![CDATA[Genderfluid]]>
              </value>
            </param>
          </params>
          <reporter-output>
          </reporter-output>
        </test-method> <!-- inputData -->
        <test-method signature="inputData(java.lang.String,java.lang.String,java.lang.String,java.lang.String)[pri:1, instance:com.nexsoft.submission.SubmissionTest@6221a451]" started-at="2022-06-14T20:52:25 WIB" name="inputData" data-provider="getMockData" finished-at="2022-06-14T20:52:29 WIB" duration-ms="4054" status="PASS">
          <params>
            <param index="0">
              <value>
                <![CDATA[Eudora]]>
              </value>
            </param>
            <param index="1">
              <value>
                <![CDATA[Toretta]]>
              </value>
            </param>
            <param index="2">
              <value>
                <![CDATA[etoretta1k@dyndns.org]]>
              </value>
            </param>
            <param index="3">
              <value>
                <![CDATA[Genderfluid]]>
              </value>
            </param>
          </params>
          <reporter-output>
          </reporter-output>
        </test-method> <!-- inputData -->
        <test-method signature="inputData(java.lang.String,java.lang.String,java.lang.String,java.lang.String)[pri:1, instance:com.nexsoft.submission.SubmissionTest@6221a451]" started-at="2022-06-14T20:52:29 WIB" name="inputData" data-provider="getMockData" finished-at="2022-06-14T20:52:33 WIB" duration-ms="4045" status="PASS">
          <params>
            <param index="0">
              <value>
                <![CDATA[Valenka]]>
              </value>
            </param>
            <param index="1">
              <value>
                <![CDATA[Temperley]]>
              </value>
            </param>
            <param index="2">
              <value>
                <![CDATA[vtemperley1l@usgs.gov]]>
              </value>
            </param>
            <param index="3">
              <value>
                <![CDATA[Female]]>
              </value>
            </param>
          </params>
          <reporter-output>
          </reporter-output>
        </test-method> <!-- inputData -->
        <test-method signature="inputData(java.lang.String,java.lang.String,java.lang.String,java.lang.String)[pri:1, instance:com.nexsoft.submission.SubmissionTest@6221a451]" started-at="2022-06-14T20:52:33 WIB" name="inputData" data-provider="getMockData" finished-at="2022-06-14T20:52:37 WIB" duration-ms="4038" status="PASS">
          <params>
            <param index="0">
              <value>
                <![CDATA[Rea]]>
              </value>
            </param>
            <param index="1">
              <value>
                <![CDATA[Huckin]]>
              </value>
            </param>
            <param index="2">
              <value>
                <![CDATA[rhuckin1m@altervista.org]]>
              </value>
            </param>
            <param index="3">
              <value>
                <![CDATA[Genderqueer]]>
              </value>
            </param>
          </params>
          <reporter-output>
          </reporter-output>
        </test-method> <!-- inputData -->
        <test-method signature="inputData(java.lang.String,java.lang.String,java.lang.String,java.lang.String)[pri:1, instance:com.nexsoft.submission.SubmissionTest@6221a451]" started-at="2022-06-14T20:52:37 WIB" name="inputData" data-provider="getMockData" finished-at="2022-06-14T20:52:41 WIB" duration-ms="4031" status="PASS">
          <params>
            <param index="0">
              <value>
                <![CDATA[Ninetta]]>
              </value>
            </param>
            <param index="1">
              <value>
                <![CDATA[Ogelbe]]>
              </value>
            </param>
            <param index="2">
              <value>
                <![CDATA[nogelbe1n@bbb.org]]>
              </value>
            </param>
            <param index="3">
              <value>
                <![CDATA[Female]]>
              </value>
            </param>
          </params>
          <reporter-output>
          </reporter-output>
        </test-method> <!-- inputData -->
        <test-method signature="inputData(java.lang.String,java.lang.String,java.lang.String,java.lang.String)[pri:1, instance:com.nexsoft.submission.SubmissionTest@6221a451]" started-at="2022-06-14T20:52:41 WIB" name="inputData" data-provider="getMockData" finished-at="2022-06-14T20:52:45 WIB" duration-ms="4062" status="PASS">
          <params>
            <param index="0">
              <value>
                <![CDATA[Bertie]]>
              </value>
            </param>
            <param index="1">
              <value>
                <![CDATA[Flucker]]>
              </value>
            </param>
            <param index="2">
              <value>
                <![CDATA[bflucker1o@sbwire.com]]>
              </value>
            </param>
            <param index="3">
              <value>
                <![CDATA[Male]]>
              </value>
            </param>
          </params>
          <reporter-output>
          </reporter-output>
        </test-method> <!-- inputData -->
        <test-method signature="inputData(java.lang.String,java.lang.String,java.lang.String,java.lang.String)[pri:1, instance:com.nexsoft.submission.SubmissionTest@6221a451]" started-at="2022-06-14T20:52:45 WIB" name="inputData" data-provider="getMockData" finished-at="2022-06-14T20:52:49 WIB" duration-ms="4071" status="PASS">
          <params>
            <param index="0">
              <value>
                <![CDATA[Concettina]]>
              </value>
            </param>
            <param index="1">
              <value>
                <![CDATA[Larrad]]>
              </value>
            </param>
            <param index="2">
              <value>
                <![CDATA[clarrad1p@fc2.com]]>
              </value>
            </param>
            <param index="3">
              <value>
                <![CDATA[Female]]>
              </value>
            </param>
          </params>
          <reporter-output>
          </reporter-output>
        </test-method> <!-- inputData -->
        <test-method signature="inputData(java.lang.String,java.lang.String,java.lang.String,java.lang.String)[pri:1, instance:com.nexsoft.submission.SubmissionTest@6221a451]" started-at="2022-06-14T20:52:49 WIB" name="inputData" data-provider="getMockData" finished-at="2022-06-14T20:52:53 WIB" duration-ms="4099" status="PASS">
          <params>
            <param index="0">
              <value>
                <![CDATA[Karissa]]>
              </value>
            </param>
            <param index="1">
              <value>
                <![CDATA[Thredder]]>
              </value>
            </param>
            <param index="2">
              <value>
                <![CDATA[kthredder1q@goodreads.com]]>
              </value>
            </param>
            <param index="3">
              <value>
                <![CDATA[Female]]>
              </value>
            </param>
          </params>
          <reporter-output>
          </reporter-output>
        </test-method> <!-- inputData -->
        <test-method signature="inputData(java.lang.String,java.lang.String,java.lang.String,java.lang.String)[pri:1, instance:com.nexsoft.submission.SubmissionTest@6221a451]" started-at="2022-06-14T20:52:53 WIB" name="inputData" data-provider="getMockData" finished-at="2022-06-14T20:52:57 WIB" duration-ms="4068" status="PASS">
          <params>
            <param index="0">
              <value>
                <![CDATA[Lucian]]>
              </value>
            </param>
            <param index="1">
              <value>
                <![CDATA[Adhams]]>
              </value>
            </param>
            <param index="2">
              <value>
                <![CDATA[ladhams1r@statcounter.com]]>
              </value>
            </param>
            <param index="3">
              <value>
                <![CDATA[Male]]>
              </value>
            </param>
          </params>
          <reporter-output>
          </reporter-output>
        </test-method> <!-- inputData -->
        <test-method signature="inputData(java.lang.String,java.lang.String,java.lang.String,java.lang.String)[pri:1, instance:com.nexsoft.submission.SubmissionTest@6221a451]" started-at="2022-06-14T20:52:57 WIB" name="inputData" data-provider="getMockData" finished-at="2022-06-14T20:53:02 WIB" duration-ms="4064" status="PASS">
          <params>
            <param index="0">
              <value>
                <![CDATA[Conrade]]>
              </value>
            </param>
            <param index="1">
              <value>
                <![CDATA[Grimditch]]>
              </value>
            </param>
            <param index="2">
              <value>
                <![CDATA[cgrimditch1s@wired.com]]>
              </value>
            </param>
            <param index="3">
              <value>
                <![CDATA[Male]]>
              </value>
            </param>
          </params>
          <reporter-output>
          </reporter-output>
        </test-method> <!-- inputData -->
        <test-method signature="inputData(java.lang.String,java.lang.String,java.lang.String,java.lang.String)[pri:1, instance:com.nexsoft.submission.SubmissionTest@6221a451]" started-at="2022-06-14T20:53:02 WIB" name="inputData" data-provider="getMockData" finished-at="2022-06-14T20:53:06 WIB" duration-ms="4031" status="PASS">
          <params>
            <param index="0">
              <value>
                <![CDATA[Ardys]]>
              </value>
            </param>
            <param index="1">
              <value>
                <![CDATA[Buxy]]>
              </value>
            </param>
            <param index="2">
              <value>
                <![CDATA[abuxy1t@typepad.com]]>
              </value>
            </param>
            <param index="3">
              <value>
                <![CDATA[Female]]>
              </value>
            </param>
          </params>
          <reporter-output>
          </reporter-output>
        </test-method> <!-- inputData -->
        <test-method signature="inputData(java.lang.String,java.lang.String,java.lang.String,java.lang.String)[pri:1, instance:com.nexsoft.submission.SubmissionTest@6221a451]" started-at="2022-06-14T20:53:06 WIB" name="inputData" data-provider="getMockData" finished-at="2022-06-14T20:53:10 WIB" duration-ms="4017" status="PASS">
          <params>
            <param index="0">
              <value>
                <![CDATA[Si]]>
              </value>
            </param>
            <param index="1">
              <value>
                <![CDATA[Tolumello]]>
              </value>
            </param>
            <param index="2">
              <value>
                <![CDATA[stolumello1u@imdb.com]]>
              </value>
            </param>
            <param index="3">
              <value>
                <![CDATA[Male]]>
              </value>
            </param>
          </params>
          <reporter-output>
          </reporter-output>
        </test-method> <!-- inputData -->
        <test-method signature="inputData(java.lang.String,java.lang.String,java.lang.String,java.lang.String)[pri:1, instance:com.nexsoft.submission.SubmissionTest@6221a451]" started-at="2022-06-14T20:53:10 WIB" name="inputData" data-provider="getMockData" finished-at="2022-06-14T20:53:14 WIB" duration-ms="4001" status="PASS">
          <params>
            <param index="0">
              <value>
                <![CDATA[Ara]]>
              </value>
            </param>
            <param index="1">
              <value>
                <![CDATA[Suddaby]]>
              </value>
            </param>
            <param index="2">
              <value>
                <![CDATA[asuddaby1v@imdb.com]]>
              </value>
            </param>
            <param index="3">
              <value>
                <![CDATA[Male]]>
              </value>
            </param>
          </params>
          <reporter-output>
          </reporter-output>
        </test-method> <!-- inputData -->
        <test-method signature="inputData(java.lang.String,java.lang.String,java.lang.String,java.lang.String)[pri:1, instance:com.nexsoft.submission.SubmissionTest@6221a451]" started-at="2022-06-14T20:53:14 WIB" name="inputData" data-provider="getMockData" finished-at="2022-06-14T20:53:18 WIB" duration-ms="4037" status="PASS">
          <params>
            <param index="0">
              <value>
                <![CDATA[Sophie]]>
              </value>
            </param>
            <param index="1">
              <value>
                <![CDATA[Macken]]>
              </value>
            </param>
            <param index="2">
              <value>
                <![CDATA[smacken1w@xing.com]]>
              </value>
            </param>
            <param index="3">
              <value>
                <![CDATA[Female]]>
              </value>
            </param>
          </params>
          <reporter-output>
          </reporter-output>
        </test-method> <!-- inputData -->
        <test-method signature="inputData(java.lang.String,java.lang.String,java.lang.String,java.lang.String)[pri:1, instance:com.nexsoft.submission.SubmissionTest@6221a451]" started-at="2022-06-14T20:53:18 WIB" name="inputData" data-provider="getMockData" finished-at="2022-06-14T20:53:22 WIB" duration-ms="4081" status="PASS">
          <params>
            <param index="0">
              <value>
                <![CDATA[Emanuel]]>
              </value>
            </param>
            <param index="1">
              <value>
                <![CDATA[Championnet]]>
              </value>
            </param>
            <param index="2">
              <value>
                <![CDATA[echampionnet1x@constantcontact.com]]>
              </value>
            </param>
            <param index="3">
              <value>
                <![CDATA[Male]]>
              </value>
            </param>
          </params>
          <reporter-output>
          </reporter-output>
        </test-method> <!-- inputData -->
        <test-method signature="inputData(java.lang.String,java.lang.String,java.lang.String,java.lang.String)[pri:1, instance:com.nexsoft.submission.SubmissionTest@6221a451]" started-at="2022-06-14T20:53:22 WIB" name="inputData" data-provider="getMockData" finished-at="2022-06-14T20:53:26 WIB" duration-ms="4041" status="PASS">
          <params>
            <param index="0">
              <value>
                <![CDATA[Nikolia]]>
              </value>
            </param>
            <param index="1">
              <value>
                <![CDATA[Arnholtz]]>
              </value>
            </param>
            <param index="2">
              <value>
                <![CDATA[narnholtz1y@dell.com]]>
              </value>
            </param>
            <param index="3">
              <value>
                <![CDATA[Female]]>
              </value>
            </param>
          </params>
          <reporter-output>
          </reporter-output>
        </test-method> <!-- inputData -->
        <test-method signature="inputData(java.lang.String,java.lang.String,java.lang.String,java.lang.String)[pri:1, instance:com.nexsoft.submission.SubmissionTest@6221a451]" started-at="2022-06-14T20:53:26 WIB" name="inputData" data-provider="getMockData" finished-at="2022-06-14T20:53:30 WIB" duration-ms="4080" status="PASS">
          <params>
            <param index="0">
              <value>
                <![CDATA[Dodi]]>
              </value>
            </param>
            <param index="1">
              <value>
                <![CDATA[Leaney]]>
              </value>
            </param>
            <param index="2">
              <value>
                <![CDATA[dleaney1z@vkontakte.ru]]>
              </value>
            </param>
            <param index="3">
              <value>
                <![CDATA[Female]]>
              </value>
            </param>
          </params>
          <reporter-output>
          </reporter-output>
        </test-method> <!-- inputData -->
        <test-method signature="inputData(java.lang.String,java.lang.String,java.lang.String,java.lang.String)[pri:1, instance:com.nexsoft.submission.SubmissionTest@6221a451]" started-at="2022-06-14T20:53:30 WIB" name="inputData" data-provider="getMockData" finished-at="2022-06-14T20:53:34 WIB" duration-ms="4058" status="PASS">
          <params>
            <param index="0">
              <value>
                <![CDATA[Lenard]]>
              </value>
            </param>
            <param index="1">
              <value>
                <![CDATA[Alenov]]>
              </value>
            </param>
            <param index="2">
              <value>
                <![CDATA[lalenov20@godaddy.com]]>
              </value>
            </param>
            <param index="3">
              <value>
                <![CDATA[Bigender]]>
              </value>
            </param>
          </params>
          <reporter-output>
          </reporter-output>
        </test-method> <!-- inputData -->
        <test-method signature="inputData(java.lang.String,java.lang.String,java.lang.String,java.lang.String)[pri:1, instance:com.nexsoft.submission.SubmissionTest@6221a451]" started-at="2022-06-14T20:53:34 WIB" name="inputData" data-provider="getMockData" finished-at="2022-06-14T20:53:38 WIB" duration-ms="4108" status="PASS">
          <params>
            <param index="0">
              <value>
                <![CDATA[Roch]]>
              </value>
            </param>
            <param index="1">
              <value>
                <![CDATA[Lymbourne]]>
              </value>
            </param>
            <param index="2">
              <value>
                <![CDATA[rlymbourne21@stanford.edu]]>
              </value>
            </param>
            <param index="3">
              <value>
                <![CDATA[Female]]>
              </value>
            </param>
          </params>
          <reporter-output>
          </reporter-output>
        </test-method> <!-- inputData -->
        <test-method signature="inputData(java.lang.String,java.lang.String,java.lang.String,java.lang.String)[pri:1, instance:com.nexsoft.submission.SubmissionTest@6221a451]" started-at="2022-06-14T20:53:38 WIB" name="inputData" data-provider="getMockData" finished-at="2022-06-14T20:53:42 WIB" duration-ms="4032" status="PASS">
          <params>
            <param index="0">
              <value>
                <![CDATA[Gilburt]]>
              </value>
            </param>
            <param index="1">
              <value>
                <![CDATA[Dunford]]>
              </value>
            </param>
            <param index="2">
              <value>
                <![CDATA[gdunford22@umn.edu]]>
              </value>
            </param>
            <param index="3">
              <value>
                <![CDATA[Male]]>
              </value>
            </param>
          </params>
          <reporter-output>
          </reporter-output>
        </test-method> <!-- inputData -->
        <test-method signature="inputData(java.lang.String,java.lang.String,java.lang.String,java.lang.String)[pri:1, instance:com.nexsoft.submission.SubmissionTest@6221a451]" started-at="2022-06-14T20:53:42 WIB" name="inputData" data-provider="getMockData" finished-at="2022-06-14T20:53:46 WIB" duration-ms="4045" status="PASS">
          <params>
            <param index="0">
              <value>
                <![CDATA[Jordon]]>
              </value>
            </param>
            <param index="1">
              <value>
                <![CDATA[Pritchard]]>
              </value>
            </param>
            <param index="2">
              <value>
                <![CDATA[jpritchard23@dedecms.com]]>
              </value>
            </param>
            <param index="3">
              <value>
                <![CDATA[Male]]>
              </value>
            </param>
          </params>
          <reporter-output>
          </reporter-output>
        </test-method> <!-- inputData -->
        <test-method signature="inputData(java.lang.String,java.lang.String,java.lang.String,java.lang.String)[pri:1, instance:com.nexsoft.submission.SubmissionTest@6221a451]" started-at="2022-06-14T20:53:46 WIB" name="inputData" data-provider="getMockData" finished-at="2022-06-14T20:53:50 WIB" duration-ms="4054" status="PASS">
          <params>
            <param index="0">
              <value>
                <![CDATA[Nicolais]]>
              </value>
            </param>
            <param index="1">
              <value>
                <![CDATA[Myner]]>
              </value>
            </param>
            <param index="2">
              <value>
                <![CDATA[nmyner24@live.com]]>
              </value>
            </param>
            <param index="3">
              <value>
                <![CDATA[Male]]>
              </value>
            </param>
          </params>
          <reporter-output>
          </reporter-output>
        </test-method> <!-- inputData -->
        <test-method signature="inputData(java.lang.String,java.lang.String,java.lang.String,java.lang.String)[pri:1, instance:com.nexsoft.submission.SubmissionTest@6221a451]" started-at="2022-06-14T20:53:50 WIB" name="inputData" data-provider="getMockData" finished-at="2022-06-14T20:53:54 WIB" duration-ms="3996" status="PASS">
          <params>
            <param index="0">
              <value>
                <![CDATA[Izak]]>
              </value>
            </param>
            <param index="1">
              <value>
                <![CDATA[Lamble]]>
              </value>
            </param>
            <param index="2">
              <value>
                <![CDATA[ilamble25@google.ca]]>
              </value>
            </param>
            <param index="3">
              <value>
                <![CDATA[Male]]>
              </value>
            </param>
          </params>
          <reporter-output>
          </reporter-output>
        </test-method> <!-- inputData -->
[...]
          <params>
            <param index="0">
              <value>
                <![CDATA[Oralia]]>
              </value>
            </param>
            <param index="1">
              <value>
                <![CDATA[Hartil]]>
              </value>
            </param>
            <param index="2">
              <value>
                <![CDATA[ohartil28@blogtalkradio.com]]>
              </value>
            </param>
            <param index="3">
              <value>
                <![CDATA[Female]]>
              </value>
            </param>
          </params>
          <reporter-output>
          </reporter-output>
        </test-method> <!-- inputData -->
        <test-method signature="inputData(java.lang.String,java.lang.String,java.lang.String,java.lang.String)[pri:1, instance:com.nexsoft.submission.SubmissionTest@6221a451]" started-at="2022-06-14T20:54:06 WIB" name="inputData" data-provider="getMockData" finished-at="2022-06-14T20:54:10 WIB" duration-ms="4122" status="PASS">
          <params>
            <param index="0">
              <value>
                <![CDATA[Wendel]]>
              </value>
            </param>
            <param index="1">
              <value>
                <![CDATA[Giacomelli]]>
              </value>
            </param>
            <param index="2">
              <value>
                <![CDATA[wgiacomelli29@blinklist.com]]>
              </value>
            </param>
            <param index="3">
              <value>
                <![CDATA[Male]]>
              </value>
            </param>
          </params>
          <reporter-output>
          </reporter-output>
        </test-method> <!-- inputData -->
        <test-method signature="inputData(java.lang.String,java.lang.String,java.lang.String,java.lang.String)[pri:1, instance:com.nexsoft.submission.SubmissionTest@6221a451]" started-at="2022-06-14T20:54:10 WIB" name="inputData" data-provider="getMockData" finished-at="2022-06-14T20:54:14 WIB" duration-ms="4045" status="PASS">
          <params>
            <param index="0">
              <value>
                <![CDATA[Wake]]>
              </value>
            </param>
            <param index="1">
              <value>
                <![CDATA[Wivell]]>
              </value>
            </param>
            <param index="2">
              <value>
                <![CDATA[wwivell2a@bloglines.com]]>
              </value>
            </param>
            <param index="3">
              <value>
                <![CDATA[Male]]>
              </value>
            </param>
          </params>
          <reporter-output>
          </reporter-output>
        </test-method> <!-- inputData -->
        <test-method signature="inputData(java.lang.String,java.lang.String,java.lang.String,java.lang.String)[pri:1, instance:com.nexsoft.submission.SubmissionTest@6221a451]" started-at="2022-06-14T20:54:14 WIB" name="inputData" data-provider="getMockData" finished-at="2022-06-14T20:54:18 WIB" duration-ms="4056" status="PASS">
          <params>
            <param index="0">
              <value>
                <![CDATA[Rupert]]>
              </value>
            </param>
            <param index="1">
              <value>
                <![CDATA[Maxwaile]]>
              </value>
            </param>
            <param index="2">
              <value>
                <![CDATA[rmaxwaile2b@stanford.edu]]>
              </value>
            </param>
            <param index="3">
              <value>
                <![CDATA[Male]]>
              </value>
            </param>
          </params>
          <reporter-output>
          </reporter-output>
        </test-method> <!-- inputData -->
        <test-method signature="inputData(java.lang.String,java.lang.String,java.lang.String,java.lang.String)[pri:1, instance:com.nexsoft.submission.SubmissionTest@6221a451]" started-at="2022-06-14T20:54:18 WIB" name="inputData" data-provider="getMockData" finished-at="2022-06-14T20:54:22 WIB" duration-ms="4059" status="PASS">
          <params>
            <param index="0">
              <value>
                <![CDATA[Yves]]>
              </value>
            </param>
            <param index="1">
              <value>
                <![CDATA[Kezar]]>
              </value>
            </param>
            <param index="2">
              <value>
                <![CDATA[ykezar2c@opensource.org]]>
              </value>
            </param>
            <param index="3">
              <value>
                <![CDATA[Male]]>
              </value>
            </param>
          </params>
          <reporter-output>
          </reporter-output>
        </test-method> <!-- inputData -->
        <test-method signature="inputData(java.lang.String,java.lang.String,java.lang.String,java.lang.String)[pri:1, instance:com.nexsoft.submission.SubmissionTest@6221a451]" started-at="2022-06-14T20:54:22 WIB" name="inputData" data-provider="getMockData" finished-at="2022-06-14T20:54:26 WIB" duration-ms="4006" status="PASS">
          <params>
            <param index="0">
              <value>
                <![CDATA[Merna]]>
              </value>
            </param>
            <param index="1">
              <value>
                <![CDATA[Staig]]>
              </value>
            </param>
            <param index="2">
              <value>
                <![CDATA[mstaig2d@uiuc.edu]]>
              </value>
            </param>
            <param index="3">
              <value>
                <![CDATA[Female]]>
              </value>
            </param>
          </params>
          <reporter-output>
          </reporter-output>
        </test-method> <!-- inputData -->
        <test-method signature="inputData(java.lang.String,java.lang.String,java.lang.String,java.lang.String)[pri:1, instance:com.nexsoft.submission.SubmissionTest@6221a451]" started-at="2022-06-14T20:54:26 WIB" name="inputData" data-provider="getMockData" finished-at="2022-06-14T20:54:31 WIB" duration-ms="4149" status="PASS">
          <params>
            <param index="0">
              <value>
                <![CDATA[Prentiss]]>
              </value>
            </param>
            <param index="1">
              <value>
                <![CDATA[Janaszewski]]>
              </value>
            </param>
            <param index="2">
              <value>
                <![CDATA[pjanaszewski2e@mysql.com]]>
              </value>
            </param>
            <param index="3">
              <value>
                <![CDATA[Male]]>
              </value>
            </param>
          </params>
          <reporter-output>
          </reporter-output>
        </test-method> <!-- inputData -->
        <test-method signature="inputData(java.lang.String,java.lang.String,java.lang.String,java.lang.String)[pri:1, instance:com.nexsoft.submission.SubmissionTest@6221a451]" started-at="2022-06-14T20:54:31 WIB" name="inputData" data-provider="getMockData" finished-at="2022-06-14T20:54:35 WIB" duration-ms="4013" status="PASS">
          <params>
            <param index="0">
              <value>
                <![CDATA[Land]]>
              </value>
            </param>
            <param index="1">
              <value>
                <![CDATA[Mallion]]>
              </value>
            </param>
            <param index="2">
              <value>
                <![CDATA[lmallion2f@redcross.org]]>
              </value>
            </param>
            <param index="3">
              <value>
                <![CDATA[Male]]>
              </value>
            </param>
          </params>
          <reporter-output>
          </reporter-output>
        </test-method> <!-- inputData -->
        <test-method signature="inputData(java.lang.String,java.lang.String,java.lang.String,java.lang.String)[pri:1, instance:com.nexsoft.submission.SubmissionTest@6221a451]" started-at="2022-06-14T20:54:35 WIB" name="inputData" data-provider="getMockData" finished-at="2022-06-14T20:54:39 WIB" duration-ms="4020" status="PASS">
          <params>
            <param index="0">
              <value>
                <![CDATA[Rikki]]>
              </value>
            </param>
            <param index="1">
              <value>
                <![CDATA[Albin]]>
              </value>
            </param>
            <param index="2">
              <value>
                <![CDATA[ralbin2g@wordpress.com]]>
              </value>
            </param>
            <param index="3">
              <value>
                <![CDATA[Genderfluid]]>
              </value>
            </param>
          </params>
          <reporter-output>
          </reporter-output>
        </test-method> <!-- inputData -->
        <test-method signature="inputData(java.lang.String,java.lang.String,java.lang.String,java.lang.String)[pri:1, instance:com.nexsoft.submission.SubmissionTest@6221a451]" started-at="2022-06-14T20:54:39 WIB" name="inputData" data-provider="getMockData" finished-at="2022-06-14T20:54:43 WIB" duration-ms="4029" status="PASS">
          <params>
            <param index="0">
              <value>
                <![CDATA[Billie]]>
              </value>
            </param>
            <param index="1">
              <value>
                <![CDATA[Bennough]]>
              </value>
            </param>
            <param index="2">
              <value>
                <![CDATA[bbennough2h@tmall.com]]>
              </value>
            </param>
            <param index="3">
              <value>
                <![CDATA[Bigender]]>
              </value>
            </param>
          </params>
          <reporter-output>
          </reporter-output>
        </test-method> <!-- inputData -->
        <test-method signature="inputData(java.lang.String,java.lang.String,java.lang.String,java.lang.String)[pri:1, instance:com.nexsoft.submission.SubmissionTest@6221a451]" started-at="2022-06-14T20:54:43 WIB" name="inputData" data-provider="getMockData" finished-at="2022-06-14T20:54:47 WIB" duration-ms="4018" status="PASS">
          <params>
            <param index="0">
              <value>
                <![CDATA[Rawley]]>
              </value>
            </param>
            <param index="1">
              <value>
                <![CDATA[Blazejewski]]>
              </value>
            </param>
            <param index="2">
              <value>
                <![CDATA[rblazejewski2i@vimeo.com]]>
              </value>
            </param>
            <param index="3">
              <value>
                <![CDATA[Male]]>
              </value>
            </param>
          </params>
          <reporter-output>
          </reporter-output>
        </test-method> <!-- inputData -->
        <test-method signature="inputData(java.lang.String,java.lang.String,java.lang.String,java.lang.String)[pri:1, instance:com.nexsoft.submission.SubmissionTest@6221a451]" started-at="2022-06-14T20:54:47 WIB" name="inputData" data-provider="getMockData" finished-at="2022-06-14T20:54:51 WIB" duration-ms="4067" status="PASS">
          <params>
            <param index="0">
              <value>
                <![CDATA[Penelope]]>
              </value>
            </param>
            <param index="1">
              <value>
                <![CDATA[Trower]]>
              </value>
            </param>
            <param index="2">
              <value>
                <![CDATA[ptrower2j@instagram.com]]>
              </value>
            </param>
            <param index="3">
              <value>
                <![CDATA[Female]]>
              </value>
            </param>
          </params>
          <reporter-output>
          </reporter-output>
        </test-method> <!-- inputData -->
        <test-method signature="inputData(java.lang.String,java.lang.String,java.lang.String,java.lang.String)[pri:1, instance:com.nexsoft.submission.SubmissionTest@6221a451]" started-at="2022-06-14T20:54:51 WIB" name="inputData" data-provider="getMockData" finished-at="2022-06-14T20:54:55 WIB" duration-ms="4035" status="PASS">
          <params>
            <param index="0">
              <value>
                <![CDATA[Shirley]]>
              </value>
            </param>
            <param index="1">
              <value>
                <![CDATA[Hubber]]>
              </value>
            </param>
            <param index="2">
              <value>
                <![CDATA[shubber2k@merriam-webster.com]]>
              </value>
            </param>
            <param index="3">
              <value>
                <![CDATA[Female]]>
              </value>
            </param>
          </params>
          <reporter-output>
          </reporter-output>
        </test-method> <!-- inputData -->
        <test-method signature="inputData(java.lang.String,java.lang.String,java.lang.String,java.lang.String)[pri:1, instance:com.nexsoft.submission.SubmissionTest@6221a451]" started-at="2022-06-14T20:54:55 WIB" name="inputData" data-provider="getMockData" finished-at="2022-06-14T20:54:59 WIB" duration-ms="4016" status="PASS">
          <params>
            <param index="0">
              <value>
                <![CDATA[Gleda]]>
              </value>
            </param>
            <param index="1">
              <value>
                <![CDATA[Maith]]>
              </value>
            </param>
            <param index="2">
              <value>
                <![CDATA[gmaith2l@cpanel.net]]>
              </value>
            </param>
            <param index="3">
              <value>
                <![CDATA[Female]]>
              </value>
            </param>
          </params>
          <reporter-output>
          </reporter-output>
        </test-method> <!-- inputData -->
        <test-method signature="inputData(java.lang.String,java.lang.String,java.lang.String,java.lang.String)[pri:1, instance:com.nexsoft.submission.SubmissionTest@6221a451]" started-at="2022-06-14T20:54:59 WIB" name="inputData" data-provider="getMockData" finished-at="2022-06-14T20:55:03 WIB" duration-ms="4049" status="PASS">
          <params>
            <param index="0">
              <value>
                <![CDATA[Erskine]]>
              </value>
            </param>
            <param index="1">
              <value>
                <![CDATA[Regus]]>
              </value>
            </param>
            <param index="2">
              <value>
                <![CDATA[eregus2m@ning.com]]>
              </value>
            </param>
            <param index="3">
              <value>
                <![CDATA[Male]]>
              </value>
            </param>
          </params>
          <reporter-output>
          </reporter-output>
        </test-method> <!-- inputData -->
        <test-method signature="inputData(java.lang.String,java.lang.String,java.lang.String,java.lang.String)[pri:1, instance:com.nexsoft.submission.SubmissionTest@6221a451]" started-at="2022-06-14T20:55:03 WIB" name="inputData" data-provider="getMockData" finished-at="2022-06-14T20:55:07 WIB" duration-ms="4016" status="PASS">
          <params>
            <param index="0">
              <value>
                <![CDATA[Celia]]>
              </value>
            </param>
            <param index="1">
              <value>
                <![CDATA[Hodgin]]>
              </value>
            </param>
            <param index="2">
              <value>
                <![CDATA[chodgin2n@weebly.com]]>
              </value>
            </param>
            <param index="3">
              <value>
                <![CDATA[Female]]>
              </value>
            </param>
          </params>
          <reporter-output>
          </reporter-output>
        </test-method> <!-- inputData -->
        <test-method signature="inputData(java.lang.String,java.lang.String,java.lang.String,java.lang.String)[pri:1, instance:com.nexsoft.submission.SubmissionTest@6221a451]" started-at="2022-06-14T20:55:07 WIB" name="inputData" data-provider="getMockData" finished-at="2022-06-14T20:55:11 WIB" duration-ms="4066" status="PASS">
          <params>
            <param index="0">
              <value>
                <![CDATA[Jesse]]>
              </value>
            </param>
            <param index="1">
              <value>
                <![CDATA[Bruffell]]>
              </value>
            </param>
            <param index="2">
              <value>
                <![CDATA[jbruffell2o@java.com]]>
              </value>
            </param>
            <param index="3">
              <value>
                <![CDATA[Male]]>
              </value>
            </param>
          </params>
          <reporter-output>
          </reporter-output>
        </test-method> <!-- inputData -->
        <test-method signature="inputData(java.lang.String,java.lang.String,java.lang.String,java.lang.String)[pri:1, instance:com.nexsoft.submission.SubmissionTest@6221a451]" started-at="2022-06-14T20:55:11 WIB" name="inputData" data-provider="getMockData" finished-at="2022-06-14T20:55:15 WIB" duration-ms="4032" status="PASS">
          <params>
            <param index="0">
              <value>
                <![CDATA[Marylynne]]>
              </value>
            </param>
            <param index="1">
              <value>
                <![CDATA[Benbrick]]>
              </value>
            </param>
            <param index="2">
              <value>
                <![CDATA[mbenbrick2p@chron.com]]>
              </value>
            </param>
            <param index="3">
              <value>
                <![CDATA[Female]]>
              </value>
            </param>
          </params>
          <reporter-output>
          </reporter-output>
        </test-method> <!-- inputData -->
        <test-method signature="inputData(java.lang.String,java.lang.String,java.lang.String,java.lang.String)[pri:1, instance:com.nexsoft.submission.SubmissionTest@6221a451]" started-at="2022-06-14T20:55:15 WIB" name="inputData" data-provider="getMockData" finished-at="2022-06-14T20:55:19 WIB" duration-ms="4022" status="PASS">
          <params>
            <param index="0">
              <value>
                <![CDATA[Otis]]>
              </value>
            </param>
            <param index="1">
              <value>
                <![CDATA[Formie]]>
              </value>
            </param>
            <param index="2">
              <value>
                <![CDATA[oformie2q@pen.io]]>
              </value>
            </param>
            <param index="3">
              <value>
                <![CDATA[Male]]>
              </value>
            </param>
          </params>
          <reporter-output>
          </reporter-output>
        </test-method> <!-- inputData -->
        <test-method signature="inputData(java.lang.String,java.lang.String,java.lang.String,java.lang.String)[pri:1, instance:com.nexsoft.submission.SubmissionTest@6221a451]" started-at="2022-06-14T20:55:19 WIB" name="inputData" data-provider="getMockData" finished-at="2022-06-14T20:55:23 WIB" duration-ms="4079" status="PASS">
          <params>
            <param index="0">
              <value>
                <![CDATA[Dennet]]>
              </value>
            </param>
            <param index="1">
              <value>
                <![CDATA[Beetlestone]]>
              </value>
            </param>
            <param index="2">
              <value>
                <![CDATA[dbeetlestone2r@webeden.co.uk]]>
              </value>
            </param>
            <param index="3">
              <value>
                <![CDATA[Male]]>
              </value>
            </param>
          </params>
          <reporter-output>
          </reporter-output>
        </test-method> <!-- inputData -->
      </class> <!-- com.nexsoft.submission.SubmissionTest -->
    </test> <!-- Default test -->
  </suite> <!-- Default suite -->
</testng-results>
